2019.11.20 19:10:05
Имя: значение не указано
Телефон: 103
Адрес страницы: http://lp.local/

2019.11.20 19:21:01
Имя: 123
Телефон: 123
Адрес страницы: http://lp.local/

2019.11.20 19:22:00
Имя1: qweqwe
Телефон: qwe
Адрес страницы: http://lp.local/

2019.11.20 19:22:33
Имя: 123
Телефон: 123
Адрес страницы: http://lp.local/

2019.11.20 19:24:51
Имя: 123
Телефон: 123
Дополнительная информация: Услуга 4
Адрес страницы: http://lp.local/

2019.11.20 19:32:18
Имя: значение не указано
Телефон: 103
Почта: значение не указано
Сообщение: значение не указано
Адрес страницы: http://lp.local/

2019.11.20 19:39:33
Имя: значение не указано
Телефон: qweqwe
Почта: значение не указано
Сообщение: значение не указано
Адрес страницы: http://lp.local/

2019.11.20 19:39:43
Имя: значение не указано
Телефон: 213
Почта: значение не указано
Сообщение: значение не указано
Адрес страницы: http://lp.local/

2019.11.20 20:40:51
Имя: значение не указано
Телефон: 12e
Почта: значение не указано
Сообщение: значение не указано
Адрес страницы: http://lp.local/

2019.11.20 20:40:55
Имя: значение не указано
Телефон: 21e
Дополнительная информация: Услуга 1
Адрес страницы: http://lp.local/

2019.12.18 16:30:51
Имя: значение не указано
Телефон: fff
Почта: значение не указано
Сообщение: значение не указано
Адрес страницы: http://lp.local/contacts

